-- SimpleRNN --
14:24:29,931 root INFO Paremeters: 5, 4, 10, sigmoid, 0.005
14:24:29,931 root INFO Results - (loss, mse, mae): [0.0018051828956231475, 0.0018051828956231475, 0.026965752243995667]
14:25:17,264 root INFO Paremeters: 5, 4, 10, sigmoid, 0.001
14:25:17,264 root INFO Results - (loss, mse, mae): [0.0010579314548522234, 0.0010579314548522234, 0.025137949734926224]
14:26:06,862 root INFO Paremeters: 5, 4, 10, sigmoid, 0.0005
14:26:06,862 root INFO Results - (loss, mse, mae): [0.003386621829122305, 0.003386621829122305, 0.0448070727288723]
14:26:58,621 root INFO Paremeters: 5, 4, 14, sigmoid, 0.005
14:26:58,627 root INFO Results - (loss, mse, mae): [0.0036697303876280785, 0.0036697303876280785, 0.0507296621799469]
14:27:52,638 root INFO Paremeters: 5, 4, 14, sigmoid, 0.001
14:27:52,639 root INFO Results - (loss, mse, mae): [0.0032307030633091927, 0.0032307030633091927, 0.04161571338772774]
14:28:46,285 root INFO Paremeters: 5, 4, 14, sigmoid, 0.0005
14:28:46,286 root INFO Results - (loss, mse, mae): [0.005479393992573023, 0.005479393992573023, 0.05153753235936165]
14:29:43,572 root INFO Paremeters: 5, 4, 18, sigmoid, 0.005
14:29:43,572 root INFO Results - (loss, mse, mae): [0.001717035542242229, 0.001717035542242229, 0.027238696813583374]
14:30:45,334 root INFO Paremeters: 5, 4, 18, sigmoid, 0.001
14:30:45,334 root INFO Results - (loss, mse, mae): [0.0033551305532455444, 0.0033551305532455444, 0.04213220626115799]
14:31:44,521 root INFO Paremeters: 5, 4, 18, sigmoid, 0.0005
14:31:44,522 root INFO Results - (loss, mse, mae): [0.01428197231143713, 0.01428197231143713, 0.0819082036614418]
14:32:11,522 root INFO Paremeters: 5, 8, 10, sigmoid, 0.005
14:32:11,522 root INFO Results - (loss, mse, mae): [0.007686656434088945, 0.007686656434088945, 0.05779438465833664]
14:32:36,419 root INFO Paremeters: 5, 8, 10, sigmoid, 0.001
14:32:36,419 root INFO Results - (loss, mse, mae): [0.003501130733639002, 0.003501130733639002, 0.04350164905190468]
14:33:01,448 root INFO Paremeters: 5, 8, 10, sigmoid, 0.0005
14:33:01,448 root INFO Results - (loss, mse, mae): [0.007604053709656, 0.007604053709656, 0.07149454951286316]
14:33:30,922 root INFO Paremeters: 5, 8, 14, sigmoid, 0.005
14:33:30,922 root INFO Results - (loss, mse, mae): [0.005406529176980257, 0.005406529176980257, 0.05874108523130417]
14:33:59,188 root INFO Paremeters: 5, 8, 14, sigmoid, 0.001
14:33:59,189 root INFO Results - (loss, mse, mae): [0.0031584040261805058, 0.0031584040261805058, 0.039761029183864594]
14:34:26,458 root INFO Paremeters: 5, 8, 14, sigmoid, 0.0005
14:34:26,458 root INFO Results - (loss, mse, mae): [0.005400166381150484, 0.005400166381150484, 0.0508592426776886]
14:34:55,516 root INFO Paremeters: 5, 8, 18, sigmoid, 0.005
14:34:55,516 root INFO Results - (loss, mse, mae): [0.003522193292155862, 0.003522193292155862, 0.04345906525850296]
14:35:24,503 root INFO Paremeters: 5, 8, 18, sigmoid, 0.001
14:35:24,503 root INFO Results - (loss, mse, mae): [0.002931414172053337, 0.002931414172053337, 0.035850491374731064]
14:35:53,739 root INFO Paremeters: 5, 8, 18, sigmoid, 0.0005
14:35:53,739 root INFO Results - (loss, mse, mae): [0.010311851277947426, 0.010311851277947426, 0.08596508949995041]
14:36:07,701 root INFO Paremeters: 5, 16, 10, sigmoid, 0.005
14:36:07,701 root INFO Results - (loss, mse, mae): [0.0010664210421964526, 0.0010664210421964526, 0.023630307987332344]
14:36:21,743 root INFO Paremeters: 5, 16, 10, sigmoid, 0.001
14:36:21,744 root INFO Results - (loss, mse, mae): [0.0024257495533674955, 0.0024257495533674955, 0.039235398173332214]
14:36:35,762 root INFO Paremeters: 5, 16, 10, sigmoid, 0.0005
14:36:35,762 root INFO Results - (loss, mse, mae): [0.004028525203466415, 0.004028525203466415, 0.046239107847213745]
14:36:51,660 root INFO Paremeters: 5, 16, 14, sigmoid, 0.005
14:36:51,661 root INFO Results - (loss, mse, mae): [0.0027632038109004498, 0.0027632038109004498, 0.04052730277180672]
14:37:07,940 root INFO Paremeters: 5, 16, 14, sigmoid, 0.001
14:37:07,940 root INFO Results - (loss, mse, mae): [0.009923129342496395, 0.009923129342496395, 0.07182908058166504]
14:37:23,553 root INFO Paremeters: 5, 16, 14, sigmoid, 0.0005
14:37:23,553 root INFO Results - (loss, mse, mae): [0.013460485264658928, 0.013460485264658928, 0.0886041522026062]
14:37:40,342 root INFO Paremeters: 5, 16, 18, sigmoid, 0.005
14:37:40,342 root INFO Results - (loss, mse, mae): [0.0028583684470504522, 0.0028583684470504522, 0.03260183334350586]
14:37:56,780 root INFO Paremeters: 5, 16, 18, sigmoid, 0.001
14:37:56,780 root INFO Results - (loss, mse, mae): [0.010403554886579514, 0.010403554886579514, 0.08069076389074326]
14:38:14,316 root INFO Paremeters: 5, 16, 18, sigmoid, 0.0005
14:38:14,316 root INFO Results - (loss, mse, mae): [0.016195163130760193, 0.016195163130760193, 0.09503218531608582]
14:39:02,536 root INFO Paremeters: 10, 4, 10, sigmoid, 0.005
14:39:02,536 root INFO Results - (loss, mse, mae): [0.002744278870522976, 0.002744278870522976, 0.03697926923632622]
14:39:50,171 root INFO Paremeters: 10, 4, 10, sigmoid, 0.001
14:39:50,171 root INFO Results - (loss, mse, mae): [0.0009751214529387653, 0.0009751214529387653, 0.02163190394639969]
14:40:37,845 root INFO Paremeters: 10, 4, 10, sigmoid, 0.0005
14:40:37,846 root INFO Results - (loss, mse, mae): [0.001360202906653285, 0.001360202906653285, 0.026995183899998665]
14:41:29,729 root INFO Paremeters: 10, 4, 14, sigmoid, 0.005
14:41:29,730 root INFO Results - (loss, mse, mae): [0.0012765289284288883, 0.0012765289284288883, 0.024280736222863197]
14:42:21,595 root INFO Paremeters: 10, 4, 14, sigmoid, 0.001
14:42:21,596 root INFO Results - (loss, mse, mae): [0.001240467419847846, 0.001240467419847846, 0.02498301863670349]
14:43:13,345 root INFO Paremeters: 10, 4, 14, sigmoid, 0.0005
14:43:13,345 root INFO Results - (loss, mse, mae): [0.0009138688328675926, 0.0009138688328675926, 0.021770548075437546]
14:44:09,636 root INFO Paremeters: 10, 4, 18, sigmoid, 0.005
14:44:09,637 root INFO Results - (loss, mse, mae): [0.0020112942438572645, 0.0020112942438572645, 0.029051249846816063]
14:45:05,382 root INFO Paremeters: 10, 4, 18, sigmoid, 0.001
14:45:05,382 root INFO Results - (loss, mse, mae): [0.002319461666047573, 0.002319461666047573, 0.03470974415540695]
14:46:01,945 root INFO Paremeters: 10, 4, 18, sigmoid, 0.0005
14:46:01,945 root INFO Results - (loss, mse, mae): [0.001186930574476719, 0.001186930574476719, 0.021788394078612328]
14:46:26,78 root INFO Paremeters: 10, 8, 10, sigmoid, 0.005
14:46:26,78 root INFO Results - (loss, mse, mae): [0.002560734050348401, 0.002560734050348401, 0.0355374738574028]
14:46:51,316 root INFO Paremeters: 10, 8, 10, sigmoid, 0.001
14:46:51,316 root INFO Results - (loss, mse, mae): [0.0014897632645443082, 0.0014897632645443082, 0.028251249343156815]
14:47:16,99 root INFO Paremeters: 10, 8, 10, sigmoid, 0.0005
14:47:16,100 root INFO Results - (loss, mse, mae): [0.0023010065779089928, 0.0023010065779089928, 0.03750678524374962]
14:47:43,565 root INFO Paremeters: 10, 8, 14, sigmoid, 0.005
14:47:43,565 root INFO Results - (loss, mse, mae): [0.0015389587497338653, 0.0015389587497338653, 0.02451939322054386]
14:48:10,595 root INFO Paremeters: 10, 8, 14, sigmoid, 0.001
14:48:10,596 root INFO Results - (loss, mse, mae): [0.004633654374629259, 0.004633654374629259, 0.05479976534843445]
14:48:37,737 root INFO Paremeters: 10, 8, 14, sigmoid, 0.0005
14:48:37,737 root INFO Results - (loss, mse, mae): [0.0021298222709447145, 0.0021298222709447145, 0.0317765474319458]
14:49:07,925 root INFO Paremeters: 10, 8, 18, sigmoid, 0.005
14:49:07,925 root INFO Results - (loss, mse, mae): [0.003834162140265107, 0.003834162140265107, 0.039470940828323364]
14:49:38,275 root INFO Paremeters: 10, 8, 18, sigmoid, 0.001
14:49:38,275 root INFO Results - (loss, mse, mae): [0.0026844714302569628, 0.0026844714302569628, 0.04041967913508415]
14:50:07,484 root INFO Paremeters: 10, 8, 18, sigmoid, 0.0005
14:50:07,484 root INFO Results - (loss, mse, mae): [0.0017499790992587805, 0.0017499790992587805, 0.028621304780244827]
14:50:21,676 root INFO Paremeters: 10, 16, 10, sigmoid, 0.005
14:50:21,676 root INFO Results - (loss, mse, mae): [0.0017973375506699085, 0.0017973375506699085, 0.02835709974169731]
14:50:35,550 root INFO Paremeters: 10, 16, 10, sigmoid, 0.001
14:50:35,550 root INFO Results - (loss, mse, mae): [0.0029163225553929806, 0.0029163225553929806, 0.03822490945458412]
14:50:49,794 root INFO Paremeters: 10, 16, 10, sigmoid, 0.0005
14:50:49,794 root INFO Results - (loss, mse, mae): [0.005241509526968002, 0.005241509526968002, 0.05286061763763428]
14:51:05,270 root INFO Paremeters: 10, 16, 14, sigmoid, 0.005
14:51:05,270 root INFO Results - (loss, mse, mae): [0.002614562399685383, 0.002614562399685383, 0.03614502400159836]
14:51:20,958 root INFO Paremeters: 10, 16, 14, sigmoid, 0.001
14:51:20,958 root INFO Results - (loss, mse, mae): [0.002949886955320835, 0.002949886955320835, 0.03917219117283821]
14:51:36,577 root INFO Paremeters: 10, 16, 14, sigmoid, 0.0005
14:51:36,577 root INFO Results - (loss, mse, mae): [0.012048255652189255, 0.012048255652189255, 0.07845243811607361]
14:51:52,956 root INFO Paremeters: 10, 16, 18, sigmoid, 0.005
14:51:52,957 root INFO Results - (loss, mse, mae): [0.001226479304023087, 0.001226479304023087, 0.02477857656776905]
14:52:09,726 root INFO Paremeters: 10, 16, 18, sigmoid, 0.001
14:52:09,726 root INFO Results - (loss, mse, mae): [0.0074911778792738914, 0.0074911778792738914, 0.06259288638830185]
14:52:26,632 root INFO Paremeters: 10, 16, 18, sigmoid, 0.0005
14:52:26,632 root INFO Results - (loss, mse, mae): [0.011352820321917534, 0.011352820321917534, 0.07991385459899902]
14:53:14,417 root INFO Paremeters: 15, 4, 10, sigmoid, 0.005
14:53:14,417 root INFO Results - (loss, mse, mae): [0.00177958479616791, 0.00177958479616791, 0.027676036581397057]
14:54:02,201 root INFO Paremeters: 15, 4, 10, sigmoid, 0.001
14:54:02,201 root INFO Results - (loss, mse, mae): [0.001367562566883862, 0.001367562566883862, 0.025307130068540573]
14:54:48,562 root INFO Paremeters: 15, 4, 10, sigmoid, 0.0005
14:54:48,562 root INFO Results - (loss, mse, mae): [0.001397952320985496, 0.001397952320985496, 0.02794993668794632]
14:55:38,885 root INFO Paremeters: 15, 4, 14, sigmoid, 0.005
14:55:38,885 root INFO Results - (loss, mse, mae): [0.0016880928305909038, 0.0016880928305909038, 0.03425939008593559]
14:56:30,393 root INFO Paremeters: 15, 4, 14, sigmoid, 0.001
14:56:30,393 root INFO Results - (loss, mse, mae): [0.0013287810143083334, 0.0013287810143083334, 0.030967645347118378]
14:57:20,769 root INFO Paremeters: 15, 4, 14, sigmoid, 0.0005
14:57:20,769 root INFO Results - (loss, mse, mae): [0.0010973335010930896, 0.0010973335010930896, 0.02257458120584488]
14:58:18,737 root INFO Paremeters: 15, 4, 18, sigmoid, 0.005
14:58:18,737 root INFO Results - (loss, mse, mae): [0.000902669969946146, 0.000902669969946146, 0.020843155682086945]
14:59:14,554 root INFO Paremeters: 15, 4, 18, sigmoid, 0.001
14:59:14,555 root INFO Results - (loss, mse, mae): [0.001390641089528799, 0.001390641089528799, 0.026204021647572517]
15:00:12,347 root INFO Paremeters: 15, 4, 18, sigmoid, 0.0005
15:00:12,347 root INFO Results - (loss, mse, mae): [0.0007659973343834281, 0.0007659973343834281, 0.019604342058300972]
15:00:37,372 root INFO Paremeters: 15, 8, 10, sigmoid, 0.005
15:00:37,373 root INFO Results - (loss, mse, mae): [0.0034461363684386015, 0.0034461363684386015, 0.04189131408929825]
15:01:02,920 root INFO Paremeters: 15, 8, 10, sigmoid, 0.001
15:01:02,920 root INFO Results - (loss, mse, mae): [0.0021969727240502834, 0.0021969727240502834, 0.03298760578036308]
15:01:27,893 root INFO Paremeters: 15, 8, 10, sigmoid, 0.0005
15:01:27,893 root INFO Results - (loss, mse, mae): [0.0017194304382428527, 0.0017194304382428527, 0.032047394663095474]
15:01:54,423 root INFO Paremeters: 15, 8, 14, sigmoid, 0.005
15:01:54,423 root INFO Results - (loss, mse, mae): [0.0016461820341646671, 0.0016461820341646671, 0.03320460766553879]
15:02:21,21 root INFO Paremeters: 15, 8, 14, sigmoid, 0.001
15:02:21,21 root INFO Results - (loss, mse, mae): [0.003932883031666279, 0.003932883031666279, 0.04116842523217201]
15:02:48,444 root INFO Paremeters: 15, 8, 14, sigmoid, 0.0005
15:02:48,446 root INFO Results - (loss, mse, mae): [0.002046446315944195, 0.002046446315944195, 0.03190683573484421]
15:03:17,605 root INFO Paremeters: 15, 8, 18, sigmoid, 0.005
15:03:17,606 root INFO Results - (loss, mse, mae): [0.0022513007279485464, 0.0022513007279485464, 0.0375683419406414]
15:03:47,282 root INFO Paremeters: 15, 8, 18, sigmoid, 0.001
15:03:47,282 root INFO Results - (loss, mse, mae): [0.0015314079355448484, 0.0015314079355448484, 0.027982251718640327]
15:04:17,53 root INFO Paremeters: 15, 8, 18, sigmoid, 0.0005
15:04:17,53 root INFO Results - (loss, mse, mae): [0.003412767546251416, 0.003412767546251416, 0.03799169883131981]
15:04:30,838 root INFO Paremeters: 15, 16, 10, sigmoid, 0.005
15:04:30,838 root INFO Results - (loss, mse, mae): [0.0015358955133706331, 0.0015358955133706331, 0.03280476853251457]
15:04:44,667 root INFO Paremeters: 15, 16, 10, sigmoid, 0.001
15:04:44,667 root INFO Results - (loss, mse, mae): [0.0026984272990375757, 0.0026984272990375757, 0.034680794924497604]
15:04:58,389 root INFO Paremeters: 15, 16, 10, sigmoid, 0.0005
15:04:58,389 root INFO Results - (loss, mse, mae): [0.005673290695995092, 0.005673290695995092, 0.05063599348068237]
15:05:13,733 root INFO Paremeters: 15, 16, 14, sigmoid, 0.005
15:05:13,733 root INFO Results - (loss, mse, mae): [0.0018525989726185799, 0.0018525989726185799, 0.02701556496322155]
15:05:28,736 root INFO Paremeters: 15, 16, 14, sigmoid, 0.001
15:05:28,736 root INFO Results - (loss, mse, mae): [0.003796447068452835, 0.003796447068452835, 0.0556650310754776]
15:05:44,68 root INFO Paremeters: 15, 16, 14, sigmoid, 0.0005
15:05:44,68 root INFO Results - (loss, mse, mae): [0.00344496569596231, 0.00344496569596231, 0.04124434292316437]
15:06:00,741 root INFO Paremeters: 15, 16, 18, sigmoid, 0.005
15:06:00,741 root INFO Results - (loss, mse, mae): [0.0015658799093216658, 0.0015658799093216658, 0.02685854397714138]
15:06:17,171 root INFO Paremeters: 15, 16, 18, sigmoid, 0.001
15:06:17,171 root INFO Results - (loss, mse, mae): [0.0027823082637041807, 0.0027823082637041807, 0.038416940718889236]
15:06:33,523 root INFO Paremeters: 15, 16, 18, sigmoid, 0.0005
15:06:33,524 root INFO Results - (loss, mse, mae): [0.005598367191851139, 0.005598367191851139, 0.051811207085847855]
-- GRU --
16:03:47,371 root INFO Paremeters: 5, 4, 10, sigmoid, 0.005
16:03:47,372 root INFO Results - (loss, mse, mae): [0.004690852016210556, 0.004690852016210556, 0.06117652356624603]
16:04:36,754 root INFO Paremeters: 5, 4, 10, sigmoid, 0.001
16:04:36,755 root INFO Results - (loss, mse, mae): [0.0015832746867090464, 0.0015832746867090464, 0.029673999175429344]
16:05:25,321 root INFO Paremeters: 5, 4, 10, sigmoid, 0.0005
16:05:25,322 root INFO Results - (loss, mse, mae): [0.005370489787310362, 0.005370489787310362, 0.054526858031749725]
16:06:17,346 root INFO Paremeters: 5, 4, 14, sigmoid, 0.005
16:06:17,346 root INFO Results - (loss, mse, mae): [0.004416246432811022, 0.004416246432811022, 0.04588128253817558]
16:07:09,123 root INFO Paremeters: 5, 4, 14, sigmoid, 0.001
16:07:09,123 root INFO Results - (loss, mse, mae): [0.004121994134038687, 0.004121994134038687, 0.040119342505931854]
16:08:02,32 root INFO Paremeters: 5, 4, 14, sigmoid, 0.0005
16:08:02,32 root INFO Results - (loss, mse, mae): [0.0034034198615700006, 0.0034034198615700006, 0.04017817974090576]
16:08:58,626 root INFO Paremeters: 5, 4, 18, sigmoid, 0.005
16:08:58,626 root INFO Results - (loss, mse, mae): [0.0007300599245354533, 0.0007300599245354533, 0.02100766822695732]
16:09:56,948 root INFO Paremeters: 5, 4, 18, sigmoid, 0.001
16:09:56,948 root INFO Results - (loss, mse, mae): [0.0046240342780947685, 0.0046240342780947685, 0.050617996603250504]
16:10:56,72 root INFO Paremeters: 5, 4, 18, sigmoid, 0.0005
16:10:56,72 root INFO Results - (loss, mse, mae): [0.0039506577886641026, 0.0039506577886641026, 0.045487094670534134]
16:11:21,618 root INFO Paremeters: 5, 8, 10, sigmoid, 0.005
16:11:21,618 root INFO Results - (loss, mse, mae): [0.0025668349117040634, 0.0025668349117040634, 0.03715067356824875]
16:11:47,368 root INFO Paremeters: 5, 8, 10, sigmoid, 0.001
16:11:47,368 root INFO Results - (loss, mse, mae): [0.004282442852854729, 0.004282442852854729, 0.04718419164419174]
16:12:12,802 root INFO Paremeters: 5, 8, 10, sigmoid, 0.0005
16:12:12,802 root INFO Results - (loss, mse, mae): [0.009994830004870892, 0.009994830004870892, 0.07049562782049179]
16:12:39,891 root INFO Paremeters: 5, 8, 14, sigmoid, 0.005
16:12:39,893 root INFO Results - (loss, mse, mae): [0.006234623491764069, 0.006234623491764069, 0.05520770326256752]
16:13:07,635 root INFO Paremeters: 5, 8, 14, sigmoid, 0.001
16:13:07,635 root INFO Results - (loss, mse, mae): [0.0032328846864402294, 0.0032328846864402294, 0.04002222791314125]
16:13:35,969 root INFO Paremeters: 5, 8, 14, sigmoid, 0.0005
16:13:35,969 root INFO Results - (loss, mse, mae): [0.008543766103684902, 0.008543766103684902, 0.06969929486513138]
16:14:05,892 root INFO Paremeters: 5, 8, 18, sigmoid, 0.005
16:14:05,892 root INFO Results - (loss, mse, mae): [0.00218502851203084, 0.00218502851203084, 0.03293243795633316]
16:14:36,319 root INFO Paremeters: 5, 8, 18, sigmoid, 0.001
16:14:36,319 root INFO Results - (loss, mse, mae): [0.004784462973475456, 0.004784462973475456, 0.045448463410139084]
16:15:07,853 root INFO Paremeters: 5, 8, 18, sigmoid, 0.0005
16:15:07,853 root INFO Results - (loss, mse, mae): [0.006650172173976898, 0.006650172173976898, 0.05614806339144707]
16:15:21,951 root INFO Paremeters: 5, 16, 10, sigmoid, 0.005
16:15:21,951 root INFO Results - (loss, mse, mae): [0.003453535493463278, 0.003453535493463278, 0.04354600980877876]
16:15:35,766 root INFO Paremeters: 5, 16, 10, sigmoid, 0.001
16:15:35,766 root INFO Results - (loss, mse, mae): [0.020912157371640205, 0.020912157371640205, 0.12124914675951004]
16:15:49,809 root INFO Paremeters: 5, 16, 10, sigmoid, 0.0005
16:15:49,809 root INFO Results - (loss, mse, mae): [0.005907078739255667, 0.005907078739255667, 0.05764753744006157]
16:16:05,7 root INFO Paremeters: 5, 16, 14, sigmoid, 0.005
16:16:05,7 root INFO Results - (loss, mse, mae): [0.004920046776533127, 0.004920046776533127, 0.055083900690078735]
16:16:21,12 root INFO Paremeters: 5, 16, 14, sigmoid, 0.001
16:16:21,12 root INFO Results - (loss, mse, mae): [0.004201442934572697, 0.004201442934572697, 0.0526815801858902]
16:16:36,795 root INFO Paremeters: 5, 16, 14, sigmoid, 0.0005
16:16:36,796 root INFO Results - (loss, mse, mae): [0.016288312152028084, 0.016288312152028084, 0.09698346257209778]
16:16:54,446 root INFO Paremeters: 5, 16, 18, sigmoid, 0.005
16:16:54,446 root INFO Results - (loss, mse, mae): [0.012399985454976559, 0.012399985454976559, 0.07929299771785736]
16:17:11,740 root INFO Paremeters: 5, 16, 18, sigmoid, 0.001
16:17:11,740 root INFO Results - (loss, mse, mae): [0.002584883477538824, 0.002584883477538824, 0.03881474584341049]
16:17:28,906 root INFO Paremeters: 5, 16, 18, sigmoid, 0.0005
16:17:28,907 root INFO Results - (loss, mse, mae): [0.2100309580564499, 0.2100309580564499, 0.42736029624938965]
16:18:17,469 root INFO Paremeters: 10, 4, 10, sigmoid, 0.005
16:18:17,470 root INFO Results - (loss, mse, mae): [0.0018027287442237139, 0.0018027287442237139, 0.03171706944704056]
16:19:06,739 root INFO Paremeters: 10, 4, 10, sigmoid, 0.001
16:19:06,739 root INFO Results - (loss, mse, mae): [0.0010781780583783984, 0.0010781780583783984, 0.024394787847995758]
16:19:55,791 root INFO Paremeters: 10, 4, 10, sigmoid, 0.0005
16:19:55,791 root INFO Results - (loss, mse, mae): [0.0022081388160586357, 0.0022081388160586357, 0.0310447346419096]
16:20:48,535 root INFO Paremeters: 10, 4, 14, sigmoid, 0.005
16:20:48,535 root INFO Results - (loss, mse, mae): [0.004585706163197756, 0.004585706163197756, 0.05870329588651657]
16:21:40,583 root INFO Paremeters: 10, 4, 14, sigmoid, 0.001
16:21:40,583 root INFO Results - (loss, mse, mae): [0.0016073895385488868, 0.0016073895385488868, 0.026654589921236038]
16:22:32,190 root INFO Paremeters: 10, 4, 14, sigmoid, 0.0005
16:22:32,190 root INFO Results - (loss, mse, mae): [0.002415258437395096, 0.002415258437395096, 0.03103262186050415]
16:23:28,94 root INFO Paremeters: 10, 4, 18, sigmoid, 0.005
16:23:28,94 root INFO Results - (loss, mse, mae): [0.001598752336576581, 0.001598752336576581, 0.028851844370365143]
16:24:26,326 root INFO Paremeters: 10, 4, 18, sigmoid, 0.001
16:24:26,326 root INFO Results - (loss, mse, mae): [0.001876011723652482, 0.001876011723652482, 0.03452296555042267]
16:25:24,939 root INFO Paremeters: 10, 4, 18, sigmoid, 0.0005
16:25:24,939 root INFO Results - (loss, mse, mae): [0.002014745259657502, 0.002014745259657502, 0.029524732381105423]
16:25:52,555 root INFO Paremeters: 10, 8, 10, sigmoid, 0.005
16:25:52,555 root INFO Results - (loss, mse, mae): [0.001166143803857267, 0.001166143803857267, 0.02436627447605133]
16:26:18,458 root INFO Paremeters: 10, 8, 10, sigmoid, 0.001
16:26:18,458 root INFO Results - (loss, mse, mae): [0.0018308227881789207, 0.0018308227881789207, 0.03020556829869747]
16:26:44,621 root INFO Paremeters: 10, 8, 10, sigmoid, 0.0005
16:26:44,621 root INFO Results - (loss, mse, mae): [0.002422159072011709, 0.002422159072011709, 0.034387458115816116]
16:27:12,55 root INFO Paremeters: 10, 8, 14, sigmoid, 0.005
16:27:12,55 root INFO Results - (loss, mse, mae): [0.0028407233767211437, 0.0028407233767211437, 0.03394421190023422]
16:27:39,578 root INFO Paremeters: 10, 8, 14, sigmoid, 0.001
16:27:39,578 root INFO Results - (loss, mse, mae): [0.00461315643042326, 0.00461315643042326, 0.04716755077242851]
16:28:06,858 root INFO Paremeters: 10, 8, 14, sigmoid, 0.0005
16:28:06,858 root INFO Results - (loss, mse, mae): [0.004879613872617483, 0.004879613872617483, 0.04507768899202347]
16:28:36,640 root INFO Paremeters: 10, 8, 18, sigmoid, 0.005
16:28:36,640 root INFO Results - (loss, mse, mae): [0.002567134564742446, 0.002567134564742446, 0.0361594595015049]
16:29:06,528 root INFO Paremeters: 10, 8, 18, sigmoid, 0.001
16:29:06,528 root INFO Results - (loss, mse, mae): [0.0036784217227250338, 0.0036784217227250338, 0.04934452101588249]
16:29:36,919 root INFO Paremeters: 10, 8, 18, sigmoid, 0.0005
16:29:36,919 root INFO Results - (loss, mse, mae): [0.004114962182939053, 0.004114962182939053, 0.04028932377696037]
16:29:51,26 root INFO Paremeters: 10, 16, 10, sigmoid, 0.005
16:29:51,26 root INFO Results - (loss, mse, mae): [0.00168226205278188, 0.00168226205278188, 0.02860998921096325]
16:30:04,974 root INFO Paremeters: 10, 16, 10, sigmoid, 0.001
16:30:04,974 root INFO Results - (loss, mse, mae): [0.00244017131626606, 0.00244017131626606, 0.03846576064825058]
16:30:19,243 root INFO Paremeters: 10, 16, 10, sigmoid, 0.0005
16:30:19,243 root INFO Results - (loss, mse, mae): [0.006217523943632841, 0.006217523943632841, 0.05460533872246742]
16:30:34,719 root INFO Paremeters: 10, 16, 14, sigmoid, 0.005
16:30:34,719 root INFO Results - (loss, mse, mae): [0.0016456545563414693, 0.0016456545563414693, 0.025964336469769478]
16:30:50,551 root INFO Paremeters: 10, 16, 14, sigmoid, 0.001
16:30:50,551 root INFO Results - (loss, mse, mae): [0.003742026165127754, 0.003742026165127754, 0.043391019105911255]
16:31:06,120 root INFO Paremeters: 10, 16, 14, sigmoid, 0.0005
16:31:06,120 root INFO Results - (loss, mse, mae): [0.035555727779865265, 0.035555727779865265, 0.1602526307106018]
16:31:22,612 root INFO Paremeters: 10, 16, 18, sigmoid, 0.005
16:31:22,612 root INFO Results - (loss, mse, mae): [0.0016512128058820963, 0.0016512128058820963, 0.026376547291874886]
16:31:39,14 root INFO Paremeters: 10, 16, 18, sigmoid, 0.001
16:31:39,15 root INFO Results - (loss, mse, mae): [0.003563160076737404, 0.003563160076737404, 0.03905082866549492]
16:31:55,386 root INFO Paremeters: 10, 16, 18, sigmoid, 0.0005
16:31:55,386 root INFO Results - (loss, mse, mae): [0.015883566811680794, 0.015883566811680794, 0.08737904578447342]
16:32:41,852 root INFO Paremeters: 15, 4, 10, sigmoid, 0.005
16:32:41,852 root INFO Results - (loss, mse, mae): [0.0020692499820142984, 0.0020692499820142984, 0.033941514790058136]
16:33:29,14 root INFO Paremeters: 15, 4, 10, sigmoid, 0.001
16:33:29,14 root INFO Results - (loss, mse, mae): [0.001223836443386972, 0.001223836443386972, 0.025505926460027695]
16:34:15,818 root INFO Paremeters: 15, 4, 10, sigmoid, 0.0005
16:34:15,818 root INFO Results - (loss, mse, mae): [0.0014895553467795253, 0.0014895553467795253, 0.02644507773220539]
16:35:06,145 root INFO Paremeters: 15, 4, 14, sigmoid, 0.005
16:35:06,145 root INFO Results - (loss, mse, mae): [0.0013823529006913304, 0.0013823529006913304, 0.024535514414310455]
16:35:56,354 root INFO Paremeters: 15, 4, 14, sigmoid, 0.001
16:35:56,354 root INFO Results - (loss, mse, mae): [0.0009256793418899179, 0.0009256793418899179, 0.019971556961536407]
16:36:44,893 root INFO Paremeters: 15, 4, 14, sigmoid, 0.0005
16:36:44,893 root INFO Results - (loss, mse, mae): [0.0012117981677874923, 0.0012117981677874923, 0.02566896192729473]
16:37:39,104 root INFO Paremeters: 15, 4, 18, sigmoid, 0.005
16:37:39,104 root INFO Results - (loss, mse, mae): [0.0016371827805414796, 0.0016371827805414796, 0.025814520195126534]
16:38:35,255 root INFO Paremeters: 15, 4, 18, sigmoid, 0.001
16:38:35,255 root INFO Results - (loss, mse, mae): [0.0014217792777344584, 0.0014217792777344584, 0.028423255309462547]
16:39:28,959 root INFO Paremeters: 15, 4, 18, sigmoid, 0.0005
16:39:28,959 root INFO Results - (loss, mse, mae): [0.0013185852440074086, 0.0013185852440074086, 0.02933557704091072]
16:39:54,73 root INFO Paremeters: 15, 8, 10, sigmoid, 0.005
16:39:54,73 root INFO Results - (loss, mse, mae): [0.0022895901929587126, 0.0022895901929587126, 0.032694656401872635]
16:40:18,571 root INFO Paremeters: 15, 8, 10, sigmoid, 0.001
16:40:18,572 root INFO Results - (loss, mse, mae): [0.002300720661878586, 0.002300720661878586, 0.03921202942728996]
16:40:43,707 root INFO Paremeters: 15, 8, 10, sigmoid, 0.0005
16:40:43,707 root INFO Results - (loss, mse, mae): [0.0024855921510607004, 0.0024855921510607004, 0.03608255460858345]
16:41:10,251 root INFO Paremeters: 15, 8, 14, sigmoid, 0.005
16:41:10,251 root INFO Results - (loss, mse, mae): [0.0014281944604590535, 0.0014281944604590535, 0.02526654303073883]
16:41:36,626 root INFO Paremeters: 15, 8, 14, sigmoid, 0.001
16:41:36,626 root INFO Results - (loss, mse, mae): [0.0014075106009840965, 0.0014075106009840965, 0.027026064693927765]
-- LSTM --17:16:26,673 root INFO Paremeters: 5, 1, 16, sigmoid, 0.005, SimpleRNN
17:16:26,673 root INFO Results - (loss, mse, mae): [0.0015889230417087674, 0.0015889230417087674, 0.028379514813423157]
17:20:10,517 root INFO Paremeters: 5, 1, 16, sigmoid, 0.001, SimpleRNN
17:20:10,517 root INFO Results - (loss, mse, mae): [0.0014152716612443328, 0.0014152716612443328, 0.025014711543917656]
17:24:01,11 root INFO Paremeters: 5, 1, 16, sigmoid, 0.0005, SimpleRNN
17:24:01,11 root INFO Results - (loss, mse, mae): [0.002937477082014084, 0.002937477082014084, 0.039883702993392944]
17:28:15,334 root INFO Paremeters: 5, 1, 24, sigmoid, 0.005, SimpleRNN
17:28:15,334 root INFO Results - (loss, mse, mae): [0.001731155440211296, 0.001731155440211296, 0.026252156123518944]
17:32:32,351 root INFO Paremeters: 5, 1, 24, sigmoid, 0.001, SimpleRNN
17:32:32,351 root INFO Results - (loss, mse, mae): [0.0025482503697276115, 0.0025482503697276115, 0.030912313610315323]
17:36:46,176 root INFO Paremeters: 5, 1, 24, sigmoid, 0.0005, SimpleRNN
17:36:46,176 root INFO Results - (loss, mse, mae): [0.0010775913251563907, 0.0010775913251563907, 0.024043912068009377]
17:41:20,836 root INFO Paremeters: 5, 1, 32, sigmoid, 0.005, SimpleRNN
17:41:20,836 root INFO Results - (loss, mse, mae): [0.0030479722190648317, 0.0030479722190648317, 0.0314200222492218]
17:45:56,446 root INFO Paremeters: 5, 1, 32, sigmoid, 0.001, SimpleRNN
17:45:56,447 root INFO Results - (loss, mse, mae): [0.0011459162924438715, 0.0011459162924438715, 0.02215236984193325]
17:50:35,26 root INFO Paremeters: 5, 1, 32, sigmoid, 0.0005, SimpleRNN
17:50:35,26 root INFO Results - (loss, mse, mae): [0.007422788068652153, 0.007422788068652153, 0.06249231845140457]
17:52:17,859 root INFO Paremeters: 5, 2, 16, sigmoid, 0.005, SimpleRNN
17:52:17,860 root INFO Results - (loss, mse, mae): [0.003966210409998894, 0.003966210409998894, 0.04087498039007187]
17:54:03,382 root INFO Paremeters: 5, 2, 16, sigmoid, 0.001, SimpleRNN
17:54:03,382 root INFO Results - (loss, mse, mae): [0.002403330523520708, 0.002403330523520708, 0.03500724211335182]
17:55:46,545 root INFO Paremeters: 5, 2, 16, sigmoid, 0.0005, SimpleRNN
17:55:46,545 root INFO Results - (loss, mse, mae): [0.0035687016788870096, 0.0035687016788870096, 0.041505396366119385]
17:57:55,715 root INFO Paremeters: 5, 2, 24, sigmoid, 0.005, SimpleRNN
17:57:55,715 root INFO Results - (loss, mse, mae): [0.002179778413847089, 0.002179778413847089, 0.02976529859006405]
18:00:06,579 root INFO Paremeters: 5, 2, 24, sigmoid, 0.001, SimpleRNN
18:00:06,579 root INFO Results - (loss, mse, mae): [0.0012973755365237594, 0.0012973755365237594, 0.025550344958901405]
18:02:19,6 root INFO Paremeters: 5, 2, 24, sigmoid, 0.0005, SimpleRNN
18:02:19,6 root INFO Results - (loss, mse, mae): [0.0032915654592216015, 0.0032915654592216015, 0.04707615077495575]
18:04:45,856 root INFO Paremeters: 5, 2, 32, sigmoid, 0.005, SimpleRNN
18:04:45,856 root INFO Results - (loss, mse, mae): [0.0015863112639635801, 0.0015863112639635801, 0.02505958266556263]
18:07:12,257 root INFO Paremeters: 5, 2, 32, sigmoid, 0.001, SimpleRNN
18:07:12,257 root INFO Results - (loss, mse, mae): [0.0020306368824094534, 0.0020306368824094534, 0.034882448613643646]
18:09:32,326 root INFO Paremeters: 5, 2, 32, sigmoid, 0.0005, SimpleRNN
18:09:32,326 root INFO Results - (loss, mse, mae): [0.0012557676527649164, 0.0012557676527649164, 0.028273355215787888]
18:10:24,921 root INFO Paremeters: 5, 4, 16, sigmoid, 0.005, SimpleRNN
18:10:24,921 root INFO Results - (loss, mse, mae): [0.002254052320495248, 0.002254052320495248, 0.03142756223678589]
18:11:17,634 root INFO Paremeters: 5, 4, 16, sigmoid, 0.001, SimpleRNN
18:11:17,634 root INFO Results - (loss, mse, mae): [0.0025473502464592457, 0.0025473502464592457, 0.03376046568155289]
18:12:12,604 root INFO Paremeters: 5, 4, 16, sigmoid, 0.0005, SimpleRNN
18:12:12,604 root INFO Results - (loss, mse, mae): [0.0049700611270964146, 0.0049700611270964146, 0.056443870067596436]
18:13:16,992 root INFO Paremeters: 5, 4, 24, sigmoid, 0.005, SimpleRNN
18:13:16,992 root INFO Results - (loss, mse, mae): [0.0015236356994137168, 0.0015236356994137168, 0.026811232790350914]
18:14:18,376 root INFO Paremeters: 5, 4, 24, sigmoid, 0.001, SimpleRNN
18:14:18,376 root INFO Results - (loss, mse, mae): [0.0020407680422067642, 0.0020407680422067642, 0.030170561745762825]
18:15:20,910 root INFO Paremeters: 5, 4, 24, sigmoid, 0.0005, SimpleRNN
18:15:20,910 root INFO Results - (loss, mse, mae): [0.005849431734532118, 0.005849431734532118, 0.05689472705125809]
18:16:32,998 root INFO Paremeters: 5, 4, 32, sigmoid, 0.005, SimpleRNN
18:16:32,999 root INFO Results - (loss, mse, mae): [0.002915728371590376, 0.002915728371590376, 0.039427030831575394]
18:17:45,41 root INFO Paremeters: 5, 4, 32, sigmoid, 0.001, SimpleRNN
18:17:45,41 root INFO Results - (loss, mse, mae): [0.0014049558667466044, 0.0014049558667466044, 0.027524085715413094]
18:18:56,563 root INFO Paremeters: 5, 4, 32, sigmoid, 0.0005, SimpleRNN
18:18:56,563 root INFO Results - (loss, mse, mae): [0.007699547801166773, 0.007699547801166773, 0.06844459474086761]
18:22:35,390 root INFO Paremeters: 10, 1, 16, sigmoid, 0.005, SimpleRNN
18:22:35,390 root INFO Results - (loss, mse, mae): [0.004287051502615213, 0.004287051502615213, 0.0408988781273365]
18:26:08,964 root INFO Paremeters: 10, 1, 16, sigmoid, 0.001, SimpleRNN
18:26:08,964 root INFO Results - (loss, mse, mae): [0.0013559524668380618, 0.0013559524668380618, 0.024616776034235954]
18:29:45,303 root INFO Paremeters: 10, 1, 16, sigmoid, 0.0005, SimpleRNN
18:29:45,303 root INFO Results - (loss, mse, mae): [0.0027426176238805056, 0.0027426176238805056, 0.03328961133956909]
18:34:02,546 root INFO Paremeters: 10, 1, 24, sigmoid, 0.005, SimpleRNN
18:34:02,546 root INFO Results - (loss, mse, mae): [0.0019435096764937043, 0.0019435096764937043, 0.026738502085208893]
18:38:21,927 root INFO Paremeters: 10, 1, 24, sigmoid, 0.001, SimpleRNN
18:38:21,927 root INFO Results - (loss, mse, mae): [0.002491135150194168, 0.002491135150194168, 0.03936781734228134]
18:42:46,864 root INFO Paremeters: 10, 1, 24, sigmoid, 0.0005, SimpleRNN
18:42:46,864 root INFO Results - (loss, mse, mae): [0.005427628289908171, 0.005427628289908171, 0.039856646209955215]
18:47:29,591 root INFO Paremeters: 10, 1, 32, sigmoid, 0.005, SimpleRNN
18:47:29,591 root INFO Results - (loss, mse, mae): [0.001780402846634388, 0.001780402846634388, 0.029786447063088417]
18:52:11,995 root INFO Paremeters: 10, 1, 32, sigmoid, 0.001, SimpleRNN
18:52:11,995 root INFO Results - (loss, mse, mae): [0.0011031103786081076, 0.0011031103786081076, 0.024276692420244217]
18:56:58,159 root INFO Paremeters: 10, 1, 32, sigmoid, 0.0005, SimpleRNN
18:56:58,159 root INFO Results - (loss, mse, mae): [0.0012814768124371767, 0.0012814768124371767, 0.02446659840643406]
18:58:45,331 root INFO Paremeters: 10, 2, 16, sigmoid, 0.005, SimpleRNN
18:58:45,332 root INFO Results - (loss, mse, mae): [0.0008340321946889162, 0.0008340321946889162, 0.02236173301935196]
19:00:29,991 root INFO Paremeters: 10, 2, 16, sigmoid, 0.001, SimpleRNN
19:00:29,991 root INFO Results - (loss, mse, mae): [0.0005588213098235428, 0.0005588213098235428, 0.018027210608124733]
19:02:15,426 root INFO Paremeters: 10, 2, 16, sigmoid, 0.0005, SimpleRNN
19:02:15,426 root INFO Results - (loss, mse, mae): [0.0034163149539381266, 0.0034163149539381266, 0.03824997693300247]
19:04:25,48 root INFO Paremeters: 10, 2, 24, sigmoid, 0.005, SimpleRNN
19:04:25,49 root INFO Results - (loss, mse, mae): [0.0019089131383225322, 0.0019089131383225322, 0.028498928993940353]
19:06:34,251 root INFO Paremeters: 10, 2, 24, sigmoid, 0.001, SimpleRNN
19:06:34,251 root INFO Results - (loss, mse, mae): [0.0008163518505170941, 0.0008163518505170941, 0.020663151517510414]
19:08:43,115 root INFO Paremeters: 10, 2, 24, sigmoid, 0.0005, SimpleRNN
19:08:43,115 root INFO Results - (loss, mse, mae): [0.0025279975961893797, 0.0025279975961893797, 0.03375765681266785]
19:11:06,710 root INFO Paremeters: 10, 2, 32, sigmoid, 0.005, SimpleRNN
19:11:06,710 root INFO Results - (loss, mse, mae): [0.002323982771486044, 0.002323982771486044, 0.03431202098727226]
19:13:33,215 root INFO Paremeters: 10, 2, 32, sigmoid, 0.001, SimpleRNN
19:13:33,215 root INFO Results - (loss, mse, mae): [0.0011736794840544462, 0.0011736794840544462, 0.02330847643315792]
19:15:56,107 root INFO Paremeters: 10, 2, 32, sigmoid, 0.0005, SimpleRNN
19:15:56,108 root INFO Results - (loss, mse, mae): [0.0014890971360728145, 0.0014890971360728145, 0.03136983886361122]
19:16:49,859 root INFO Paremeters: 10, 4, 16, sigmoid, 0.005, SimpleRNN
19:16:49,860 root INFO Results - (loss, mse, mae): [0.001983571331948042, 0.001983571331948042, 0.028220271691679955]
19:17:44,503 root INFO Paremeters: 10, 4, 16, sigmoid, 0.001, SimpleRNN
19:17:44,504 root INFO Results - (loss, mse, mae): [0.001653025858104229, 0.001653025858104229, 0.031238624826073647]
19:18:37,856 root INFO Paremeters: 10, 4, 16, sigmoid, 0.0005, SimpleRNN
19:18:37,856 root INFO Results - (loss, mse, mae): [0.0018180852057412267, 0.0018180852057412267, 0.028652561828494072]
19:19:39,363 root INFO Paremeters: 10, 4, 24, sigmoid, 0.005, SimpleRNN
19:19:39,364 root INFO Results - (loss, mse, mae): [0.0019875827711075544, 0.0019875827711075544, 0.037128206342458725]
19:20:40,911 root INFO Paremeters: 10, 4, 24, sigmoid, 0.001, SimpleRNN
19:20:40,911 root INFO Results - (loss, mse, mae): [0.0015712028834968805, 0.0015712028834968805, 0.027184484526515007]
19:21:42,823 root INFO Paremeters: 10, 4, 24, sigmoid, 0.0005, SimpleRNN
19:21:42,823 root INFO Results - (loss, mse, mae): [0.0012797730742022395, 0.0012797730742022395, 0.02308175154030323]
19:22:53,72 root INFO Paremeters: 10, 4, 32, sigmoid, 0.005, SimpleRNN
19:22:53,72 root INFO Results - (loss, mse, mae): [0.0028853623662143946, 0.0028853623662143946, 0.040020886808633804]
19:24:04,840 root INFO Paremeters: 10, 4, 32, sigmoid, 0.001, SimpleRNN
19:24:04,840 root INFO Results - (loss, mse, mae): [0.0011595414252951741, 0.0011595414252951741, 0.02481243386864662]
19:25:15,433 root INFO Paremeters: 10, 4, 32, sigmoid, 0.0005, SimpleRNN
19:25:15,433 root INFO Results - (loss, mse, mae): [0.0022558970376849174, 0.0022558970376849174, 0.03442540392279625]
19:28:41,970 root INFO Paremeters: 15, 1, 16, sigmoid, 0.005, SimpleRNN
19:28:41,971 root INFO Results - (loss, mse, mae): [0.003558482974767685, 0.003558482974767685, 0.05008302256464958]
19:32:12,25 root INFO Paremeters: 15, 1, 16, sigmoid, 0.001, SimpleRNN
19:32:12,25 root INFO Results - (loss, mse, mae): [0.0006238099886104465, 0.0006238099886104465, 0.018436944112181664]
19:35:49,197 root INFO Paremeters: 15, 1, 16, sigmoid, 0.0005, SimpleRNN
19:35:49,197 root INFO Results - (loss, mse, mae): [0.0007332794484682381, 0.0007332794484682381, 0.019750455394387245]
19:39:47,193 root INFO Paremeters: 15, 1, 24, sigmoid, 0.005, SimpleRNN
19:39:47,193 root INFO Results - (loss, mse, mae): [0.0035463280510157347, 0.0035463280510157347, 0.03828968480229378]
19:43:44,176 root INFO Paremeters: 15, 1, 24, sigmoid, 0.001, SimpleRNN
19:43:44,176 root INFO Results - (loss, mse, mae): [0.001633954350836575, 0.001633954350836575, 0.030454853549599648]
19:47:43,203 root INFO Paremeters: 15, 1, 24, sigmoid, 0.0005, SimpleRNN
19:47:43,203 root INFO Results - (loss, mse, mae): [0.0012725521810352802, 0.0012725521810352802, 0.02548680454492569]
19:52:02,468 root INFO Paremeters: 15, 1, 32, sigmoid, 0.005, SimpleRNN
19:52:02,468 root INFO Results - (loss, mse, mae): [0.0014461262617260218, 0.0014461262617260218, 0.02295602858066559]
19:56:26,797 root INFO Paremeters: 15, 1, 32, sigmoid, 0.001, SimpleRNN
19:56:26,798 root INFO Results - (loss, mse, mae): [0.0008340763160958886, 0.0008340763160958886, 0.022580957040190697]
20:00:47,617 root INFO Paremeters: 15, 1, 32, sigmoid, 0.0005, SimpleRNN
20:00:47,617 root INFO Results - (loss, mse, mae): [0.0012710584560409188, 0.0012710584560409188, 0.025482038035988808]
20:02:30,310 root INFO Paremeters: 15, 2, 16, sigmoid, 0.005, SimpleRNN
20:02:30,310 root INFO Results - (loss, mse, mae): [0.002419602358713746, 0.002419602358713746, 0.04190318286418915]
20:04:13,875 root INFO Paremeters: 15, 2, 16, sigmoid, 0.001, SimpleRNN
20:04:13,876 root INFO Results - (loss, mse, mae): [0.0018864222802221775, 0.0018864222802221775, 0.03138680011034012]
20:05:53,91 root INFO Paremeters: 15, 2, 16, sigmoid, 0.0005, SimpleRNN
20:05:53,92 root INFO Results - (loss, mse, mae): [0.0009554924326948822, 0.0009554924326948822, 0.02197744883596897]
20:07:52,963 root INFO Paremeters: 15, 2, 24, sigmoid, 0.005, SimpleRNN
20:07:52,963 root INFO Results - (loss, mse, mae): [0.001641570939682424, 0.001641570939682424, 0.03162568435072899]
20:09:52,702 root INFO Paremeters: 15, 2, 24, sigmoid, 0.001, SimpleRNN
20:09:52,702 root INFO Results - (loss, mse, mae): [0.0010144521947950125, 0.0010144521947950125, 0.020977385342121124]
20:11:53,58 root INFO Paremeters: 15, 2, 24, sigmoid, 0.0005, SimpleRNN
20:11:53,58 root INFO Results - (loss, mse, mae): [0.0014564897865056992, 0.0014564897865056992, 0.031195618212223053]
20:14:14,20 root INFO Paremeters: 15, 2, 32, sigmoid, 0.005, SimpleRNN
20:14:14,21 root INFO Results - (loss, mse, mae): [0.0023732041008770466, 0.0023732041008770466, 0.034630510956048965]
20:16:34,812 root INFO Paremeters: 15, 2, 32, sigmoid, 0.001, SimpleRNN
20:16:34,813 root INFO Results - (loss, mse, mae): [0.0010130133014172316, 0.0010130133014172316, 0.016956685110926628]
20:18:54,233 root INFO Paremeters: 15, 2, 32, sigmoid, 0.0005, SimpleRNN
20:18:54,233 root INFO Results - (loss, mse, mae): [0.001208214438520372, 0.001208214438520372, 0.024317782372236252]
20:19:47,532 root INFO Paremeters: 15, 4, 16, sigmoid, 0.005, SimpleRNN
20:19:47,532 root INFO Results - (loss, mse, mae): [0.0026849776040762663, 0.0026849776040762663, 0.041729118674993515]
20:20:39,862 root INFO Paremeters: 15, 4, 16, sigmoid, 0.001, SimpleRNN
20:20:39,862 root INFO Results - (loss, mse, mae): [0.0010692457435652614, 0.0010692457435652614, 0.023189840838313103]
20:21:32,318 root INFO Paremeters: 15, 4, 16, sigmoid, 0.0005, SimpleRNN
20:21:32,318 root INFO Results - (loss, mse, mae): [0.0010109934955835342, 0.0010109934955835342, 0.026096293702721596]
20:22:34,92 root INFO Paremeters: 15, 4, 24, sigmoid, 0.005, SimpleRNN
20:22:34,92 root INFO Results - (loss, mse, mae): [0.0015115655260160565, 0.0015115655260160565, 0.02620820328593254]
20:23:36,225 root INFO Paremeters: 15, 4, 24, sigmoid, 0.001, SimpleRNN
20:23:36,225 root INFO Results - (loss, mse, mae): [0.001462822430767119, 0.001462822430767119, 0.025915008038282394]
20:24:37,810 root INFO Paremeters: 15, 4, 24, sigmoid, 0.0005, SimpleRNN
20:24:37,810 root INFO Results - (loss, mse, mae): [0.002852000528946519, 0.002852000528946519, 0.03666914254426956]
20:25:50,442 root INFO Paremeters: 15, 4, 32, sigmoid, 0.005, SimpleRNN
20:25:50,442 root INFO Results - (loss, mse, mae): [0.0008084239671006799, 0.0008084239671006799, 0.01808658055961132]
20:27:02,830 root INFO Paremeters: 15, 4, 32, sigmoid, 0.001, SimpleRNN
20:27:02,830 root INFO Results - (loss, mse, mae): [0.00263769063167274, 0.00263769063167274, 0.031221868470311165]
20:28:15,685 root INFO Paremeters: 15, 4, 32, sigmoid, 0.0005, SimpleRNN
20:28:15,685 root INFO Results - (loss, mse, mae): [0.0014263540506362915, 0.0014263540506362915, 0.026341402903199196]
20:33:36,481 root INFO Paremeters: 5, 1, 16, sigmoid, 0.005, GRU
20:33:36,481 root INFO Results - (loss, mse, mae): [0.001438897685147822, 0.001438897685147822, 0.03208727762103081]
20:38:57,660 root INFO Paremeters: 5, 1, 16, sigmoid, 0.001, GRU
20:38:57,660 root INFO Results - (loss, mse, mae): [0.0012975429417565465, 0.0012975429417565465, 0.023478498682379723]
20:44:18,617 root INFO Paremeters: 5, 1, 16, sigmoid, 0.0005, GRU
20:44:18,617 root INFO Results - (loss, mse, mae): [0.001455530058592558, 0.001455530058592558, 0.02603079378604889]
20:50:59,993 root INFO Paremeters: 5, 1, 24, sigmoid, 0.005, GRU
20:50:59,993 root INFO Results - (loss, mse, mae): [0.0009414769010618329, 0.0009414769010618329, 0.021236350759863853]
20:57:41,666 root INFO Paremeters: 5, 1, 24, sigmoid, 0.001, GRU
20:57:41,666 root INFO Results - (loss, mse, mae): [0.0013715566601604223, 0.0013715566601604223, 0.024500088766217232]
21:04:24,504 root INFO Paremeters: 5, 1, 24, sigmoid, 0.0005, GRU
21:04:24,504 root INFO Results - (loss, mse, mae): [0.0016234911745414138, 0.0016234911745414138, 0.028562089428305626]
21:12:25,710 root INFO Paremeters: 5, 1, 32, sigmoid, 0.005, GRU
21:12:25,710 root INFO Results - (loss, mse, mae): [0.001286165788769722, 0.001286165788769722, 0.023258978500962257]
21:20:29,318 root INFO Paremeters: 5, 1, 32, sigmoid, 0.001, GRU
21:20:29,318 root INFO Results - (loss, mse, mae): [0.0008983348961919546, 0.0008983348961919546, 0.01985890418291092]
21:28:32,77 root INFO Paremeters: 5, 1, 32, sigmoid, 0.0005, GRU
21:28:32,77 root INFO Results - (loss, mse, mae): [0.000817765190731734, 0.000817765190731734, 0.021761534735560417]
21:31:14,162 root INFO Paremeters: 5, 2, 16, sigmoid, 0.005, GRU
21:31:14,162 root INFO Results - (loss, mse, mae): [0.0012800070689991117, 0.0012800070689991117, 0.023844527080655098]
21:33:55,781 root INFO Paremeters: 5, 2, 16, sigmoid, 0.001, GRU
21:33:55,782 root INFO Results - (loss, mse, mae): [0.0010403344640508294, 0.0010403344640508294, 0.023803548887372017]
21:36:36,103 root INFO Paremeters: 5, 2, 16, sigmoid, 0.0005, GRU
21:36:36,103 root INFO Results - (loss, mse, mae): [0.0016094163293018937, 0.0016094163293018937, 0.026942910626530647]
21:40:01,49 root INFO Paremeters: 5, 2, 24, sigmoid, 0.005, GRU
21:40:01,49 root INFO Results - (loss, mse, mae): [0.0017477237852290273, 0.0017477237852290273, 0.03588462248444557]
21:43:26,590 root INFO Paremeters: 5, 2, 24, sigmoid, 0.001, GRU
21:43:26,590 root INFO Results - (loss, mse, mae): [0.0019799398723989725, 0.0019799398723989725, 0.030042432248592377]
21:46:52,600 root INFO Paremeters: 5, 2, 24, sigmoid, 0.0005, GRU
21:46:52,600 root INFO Results - (loss, mse, mae): [0.0015000214334577322, 0.0015000214334577322, 0.025188738480210304]
21:51:01,322 root INFO Paremeters: 5, 2, 32, sigmoid, 0.005, GRU
21:51:01,323 root INFO Results - (loss, mse, mae): [0.001916286302730441, 0.001916286302730441, 0.03201017156243324]
21:55:06,950 root INFO Paremeters: 5, 2, 32, sigmoid, 0.001, GRU
21:55:06,950 root INFO Results - (loss, mse, mae): [0.002069020178169012, 0.002069020178169012, 0.038748420774936676]
21:59:16,837 root INFO Paremeters: 5, 2, 32, sigmoid, 0.0005, GRU
21:59:16,838 root INFO Results - (loss, mse, mae): [0.0015644208760932088, 0.0015644208760932088, 0.026781195774674416]
22:00:37,975 root INFO Paremeters: 5, 4, 16, sigmoid, 0.005, GRU
22:00:37,975 root INFO Results - (loss, mse, mae): [0.0014962871791794896, 0.0014962871791794896, 0.025665627792477608]
22:02:00,9 root INFO Paremeters: 5, 4, 16, sigmoid, 0.001, GRU
22:02:00,9 root INFO Results - (loss, mse, mae): [0.001728547620587051, 0.001728547620587051, 0.028993278741836548]
22:03:22,938 root INFO Paremeters: 5, 4, 16, sigmoid, 0.0005, GRU
22:03:22,938 root INFO Results - (loss, mse, mae): [0.0025546320248395205, 0.0025546320248395205, 0.03437606990337372]
22:05:06,440 root INFO Paremeters: 5, 4, 24, sigmoid, 0.005, GRU
22:05:06,441 root INFO Results - (loss, mse, mae): [0.0014582783915102482, 0.0014582783915102482, 0.025525333359837532]
22:06:50,25 root INFO Paremeters: 5, 4, 24, sigmoid, 0.001, GRU
22:06:50,26 root INFO Results - (loss, mse, mae): [0.001341313007287681, 0.001341313007287681, 0.024718977510929108]
22:08:33,148 root INFO Paremeters: 5, 4, 24, sigmoid, 0.0005, GRU
22:08:33,148 root INFO Results - (loss, mse, mae): [0.001866108039394021, 0.001866108039394021, 0.02973000518977642]
22:10:40,305 root INFO Paremeters: 5, 4, 32, sigmoid, 0.005, GRU
22:10:40,305 root INFO Results - (loss, mse, mae): [0.002254657680168748, 0.002254657680168748, 0.03302904590964317]
22:12:45,235 root INFO Paremeters: 5, 4, 32, sigmoid, 0.001, GRU
22:12:45,235 root INFO Results - (loss, mse, mae): [0.0020245895721018314, 0.0020245895721018314, 0.030634282156825066]
22:14:49,999 root INFO Paremeters: 5, 4, 32, sigmoid, 0.0005, GRU
22:14:49,999 root INFO Results - (loss, mse, mae): [0.0015216508181765676, 0.0015216508181765676, 0.02571837231516838]
14:16:37,282 root INFO Paremeters: 10, 1, 16, sigmoid, 0.005, GRU
14:16:37,288 root INFO Results - (loss, mse, mae): [0.001434878446161747, 0.001434878446161747, 0.025153780356049538]
14:21:53,658 root INFO Paremeters: 10, 1, 16, sigmoid, 0.001, GRU
14:21:53,659 root INFO Results - (loss, mse, mae): [0.0006982503109611571, 0.0006982503109611571, 0.018874358385801315]
14:27:10,553 root INFO Paremeters: 10, 1, 16, sigmoid, 0.0005, GRU
14:27:10,553 root INFO Results - (loss, mse, mae): [0.0010692015057429671, 0.0010692015057429671, 0.02077006734907627]
14:34:00,710 root INFO Paremeters: 10, 1, 24, sigmoid, 0.005, GRU
14:34:00,710 root INFO Results - (loss, mse, mae): [0.0013436180306598544, 0.0013436180306598544, 0.024985790252685547]
14:40:50,786 root INFO Paremeters: 10, 1, 24, sigmoid, 0.001, GRU
14:40:50,786 root INFO Results - (loss, mse, mae): [0.001365354284644127, 0.001365354284644127, 0.027255170047283173]
14:47:42,168 root INFO Paremeters: 10, 1, 24, sigmoid, 0.0005, GRU
14:47:42,168 root INFO Results - (loss, mse, mae): [0.0009922931203618646, 0.0009922931203618646, 0.02117270790040493]
14:56:02,5 root INFO Paremeters: 10, 1, 32, sigmoid, 0.005, GRU
14:56:02,5 root INFO Results - (loss, mse, mae): [0.0013332569506019354, 0.0013332569506019354, 0.02380235865712166]
15:04:21,667 root INFO Paremeters: 10, 1, 32, sigmoid, 0.001, GRU
15:04:21,667 root INFO Results - (loss, mse, mae): [0.0012052811216562986, 0.0012052811216562986, 0.02348148077726364]
15:12:38,979 root INFO Paremeters: 10, 1, 32, sigmoid, 0.0005, GRU
15:12:38,979 root INFO Results - (loss, mse, mae): [0.001373576233163476, 0.001373576233163476, 0.023965446278452873]
15:15:20,242 root INFO Paremeters: 10, 2, 16, sigmoid, 0.005, GRU
15:15:20,242 root INFO Results - (loss, mse, mae): [0.0016327447956427932, 0.0016327447956427932, 0.025975868105888367]
15:17:59,87 root INFO Paremeters: 10, 2, 16, sigmoid, 0.001, GRU
15:17:59,87 root INFO Results - (loss, mse, mae): [0.0012918402208015323, 0.0012918402208015323, 0.02293359488248825]
15:20:39,559 root INFO Paremeters: 10, 2, 16, sigmoid, 0.0005, GRU
15:20:39,559 root INFO Results - (loss, mse, mae): [0.0016952493460848927, 0.0016952493460848927, 0.02850784920156002]
15:24:01,628 root INFO Paremeters: 10, 2, 24, sigmoid, 0.005, GRU
15:24:01,628 root INFO Results - (loss, mse, mae): [0.0014546184102073312, 0.0014546184102073312, 0.030119439586997032]
15:27:25,700 root INFO Paremeters: 10, 2, 24, sigmoid, 0.001, GRU
15:27:25,700 root INFO Results - (loss, mse, mae): [0.0010825518984347582, 0.0010825518984347582, 0.0215664841234684]
15:30:49,135 root INFO Paremeters: 10, 2, 24, sigmoid, 0.0005, GRU
15:30:49,136 root INFO Results - (loss, mse, mae): [0.0010244279401376843, 0.0010244279401376843, 0.02169005200266838]
15:34:57,850 root INFO Paremeters: 10, 2, 32, sigmoid, 0.005, GRU
15:34:57,851 root INFO Results - (loss, mse, mae): [0.0029196261893957853, 0.0029196261893957853, 0.04354102164506912]
15:39:07,650 root INFO Paremeters: 10, 2, 32, sigmoid, 0.001, GRU
15:39:07,651 root INFO Results - (loss, mse, mae): [0.001133565092459321, 0.001133565092459321, 0.02195143699645996]
15:43:17,771 root INFO Paremeters: 10, 2, 32, sigmoid, 0.0005, GRU
15:43:17,771 root INFO Results - (loss, mse, mae): [0.0011551635107025504, 0.0011551635107025504, 0.022775061428546906]
15:44:38,293 root INFO Paremeters: 10, 4, 16, sigmoid, 0.005, GRU
15:44:38,293 root INFO Results - (loss, mse, mae): [0.0017630710499361157, 0.0017630710499361157, 0.02699730359017849]
15:45:58,883 root INFO Paremeters: 10, 4, 16, sigmoid, 0.001, GRU
15:45:58,883 root INFO Results - (loss, mse, mae): [0.0011605422478169203, 0.0011605422478169203, 0.025748267769813538]
15:47:19,99 root INFO Paremeters: 10, 4, 16, sigmoid, 0.0005, GRU
15:47:19,99 root INFO Results - (loss, mse, mae): [0.0018287369748577476, 0.0018287369748577476, 0.030153507366776466]
15:49:01,788 root INFO Paremeters: 10, 4, 24, sigmoid, 0.005, GRU
15:49:01,788 root INFO Results - (loss, mse, mae): [0.0014355489984154701, 0.0014355489984154701, 0.026044439524412155]
15:50:44,880 root INFO Paremeters: 10, 4, 24, sigmoid, 0.001, GRU
15:50:44,880 root INFO Results - (loss, mse, mae): [0.0012092130491510034, 0.0012092130491510034, 0.024092119187116623]
15:52:28,828 root INFO Paremeters: 10, 4, 24, sigmoid, 0.0005, GRU
15:52:28,828 root INFO Results - (loss, mse, mae): [0.0024940171279013157, 0.0024940171279013157, 0.03731922432780266]
15:54:36,124 root INFO Paremeters: 10, 4, 32, sigmoid, 0.005, GRU
15:54:36,124 root INFO Results - (loss, mse, mae): [0.0023635064717382193, 0.0023635064717382193, 0.03899405151605606]
